# JRE version: Java(TM) SE Runtime Environment (17.0.2+8) (build 17.0.2+8-LTS-86)
# Java VM: Java HotSpot(TM) 64-Bit Server VM (17.0.2+8-LTS-86, mixed mode, sharing, tiered, compressed oops, compressed class ptrs, g1 gc, windows-amd64)
GC Precious Log:
 CPUs: 8 total, 8 available
 Memory: 8101M
 Large Page Support: Disabled
 NUMA Support: Disabled
 Compressed Oops: Enabled (32-bit)
 Heap Region Size: 1M
 Heap Min Capacity: 8M
 Heap Initial Capacity: 128M
 Heap Max Capacity: 2026M
 Pre-touch: Disabled
 Parallel Workers: 8
 Concurrent Workers: 2
 Concurrent Refinement Workers: 8
 Periodic GC: Disabled
Heap:
 garbage-first heap   total 73728K, used 29393K [0x0000000081600000, 0x0000000100000000)
  region size 1024K, 4 young (4096K), 4 survivors (4096K)
 Metaspace       used 65902K, committed 66304K, reserved 1114112K
  class space    used 8339K, committed 8512K, reserved 1048576K
GC Heap History (20 events):
Event: 2.754 GC heap after
{Heap after GC invocations=6 (full 0):
 garbage-first heap   total 48128K, used 15280K [0x0000000081600000, 0x0000000100000000)
  region size 1024K, 1 young (1024K), 1 survivors (1024K)
 Metaspace       used 26845K, committed 27200K, reserved 1073152K
  class space    used 3402K, committed 3584K, reserved 1048576K
}
Event: 3.398 GC heap before
{Heap before GC invocations=6 (full 0):
 garbage-first heap   total 48128K, used 33712K [0x0000000081600000, 0x0000000100000000)
  region size 1024K, 19 young (19456K), 1 survivors (1024K)
 Metaspace       used 29256K, committed 29632K, reserved 1081344K
  class space    used 3640K, committed 3840K, reserved 1048576K
}
Event: 3.406 GC heap after
{Heap after GC invocations=7 (full 0):
 garbage-first heap   total 48128K, used 15940K [0x0000000081600000, 0x0000000100000000)
  region size 1024K, 2 young (2048K), 2 survivors (2048K)
 Metaspace       used 29256K, committed 29632K, reserved 1081344K
  class space    used 3640K, committed 3840K, reserved 1048576K
}
Event: 4.057 GC heap before
{Heap before GC invocations=7 (full 0):
 garbage-first heap   total 48128K, used 34372K [0x0000000081600000, 0x0000000100000000)
  region size 1024K, 20 young (20480K), 2 survivors (2048K)
 Metaspace       used 32655K, committed 32960K, reserved 1081344K
  class space    used 4136K, committed 4288K, reserved 1048576K
}
Event: 4.063 GC heap after
{Heap after GC invocations=8 (full 0):
 garbage-first heap   total 83968K, used 17097K [0x0000000081600000, 0x0000000100000000)
  region size 1024K, 3 young (3072K), 3 survivors (3072K)
 Metaspace       used 32655K, committed 32960K, reserved 1081344K
  class space    used 4136K, committed 4288K, reserved 1048576K
}
Event: 4.440 GC heap before
{Heap before GC invocations=8 (full 0):
 garbage-first heap   total 83968K, used 27337K [0x0000000081600000, 0x0000000100000000)
  region size 1024K, 14 young (14336K), 3 survivors (3072K)
 Metaspace       used 35674K, committed 35968K, reserved 1081344K
  class space    used 4647K, committed 4800K, reserved 1048576K
}
Event: 4.446 GC heap after
{Heap after GC invocations=9 (full 0):
 garbage-first heap   total 83968K, used 17838K [0x0000000081600000, 0x0000000100000000)
  region size 1024K, 4 young (4096K), 4 survivors (4096K)
 Metaspace       used 35674K, committed 35968K, reserved 1081344K
  class space    used 4647K, committed 4800K, reserved 1048576K
}
Event: 5.964 GC heap before
{Heap before GC invocations=10 (full 0):
 garbage-first heap   total 68608K, used 54702K [0x0000000081600000, 0x0000000100000000)
  region size 1024K, 40 young (40960K), 4 survivors (4096K)
 Metaspace       used 45978K, committed 46336K, reserved 1089536K
  class space    used 5926K, committed 6080K, reserved 1048576K
}
Event: 5.973 GC heap after
{Heap after GC invocations=11 (full 0):
 garbage-first heap   total 68608K, used 21050K [0x0000000081600000, 0x0000000100000000)
  region size 1024K, 5 young (5120K), 5 survivors (5120K)
 Metaspace       used 45978K, committed 46336K, reserved 1089536K
  class space    used 5926K, committed 6080K, reserved 1048576K
}
Event: 6.012 GC heap before
{Heap before GC invocations=11 (full 0):
 garbage-first heap   total 68608K, used 21050K [0x0000000081600000, 0x0000000100000000)
  region size 1024K, 6 young (6144K), 5 survivors (5120K)
 Metaspace       used 46201K, committed 46592K, reserved 1089536K
  class space    used 5950K, committed 6144K, reserved 1048576K
}
Event: 6.019 GC heap after
{Heap after GC invocations=12 (full 0):
 garbage-first heap   total 68608K, used 21836K [0x0000000081600000, 0x0000000100000000)
  region size 1024K, 1 young (1024K), 1 survivors (1024K)
 Metaspace       used 46201K, committed 46592K, reserved 1089536K
  class space    used 5950K, committed 6144K, reserved 1048576K
}
Event: 7.252 GC heap before
{Heap before GC invocations=12 (full 0):
 garbage-first heap   total 68608K, used 51532K [0x0000000081600000, 0x0000000100000000)
  region size 1024K, 30 young (30720K), 1 survivors (1024K)
 Metaspace       used 52704K, committed 53056K, reserved 1097728K
  class space    used 6897K, committed 7040K, reserved 1048576K
}
Event: 7.257 GC heap after
{Heap after GC invocations=13 (full 0):
 garbage-first heap   total 68608K, used 22825K [0x0000000081600000, 0x0000000100000000)
  region size 1024K, 2 young (2048K), 2 survivors (2048K)
 Metaspace       used 52704K, committed 53056K, reserved 1097728K
  class space    used 6897K, committed 7040K, reserved 1048576K
}
Event: 7.771 GC heap before
{Heap before GC invocations=13 (full 0):
 garbage-first heap   total 68608K, used 52521K [0x0000000081600000, 0x0000000100000000)
  region size 1024K, 31 young (31744K), 2 survivors (2048K)
 Metaspace       used 54487K, committed 54848K, reserved 1097728K
  class space    used 7162K, committed 7296K, reserved 1048576K
}
Event: 7.776 GC heap after
{Heap after GC invocations=14 (full 0):
 garbage-first heap   total 68608K, used 23974K [0x0000000081600000, 0x0000000100000000)
  region size 1024K, 3 young (3072K), 3 survivors (3072K)
 Metaspace       used 54487K, committed 54848K, reserved 1097728K
  class space    used 7162K, committed 7296K, reserved 1048576K
}
Event: 8.462 GC heap before
{Heap before GC invocations=14 (full 0):
 garbage-first heap   total 68608K, used 53670K [0x0000000081600000, 0x0000000100000000)
  region size 1024K, 32 young (32768K), 3 survivors (3072K)
 Metaspace       used 56487K, committed 56896K, reserved 1105920K
  class space    used 7422K, committed 7616K, reserved 1048576K
}
Event: 8.469 GC heap after
{Heap after GC invocations=15 (full 0):
 garbage-first heap   total 68608K, used 25971K [0x0000000081600000, 0x0000000100000000)
  region size 1024K, 4 young (4096K), 4 survivors (4096K)
 Metaspace       used 56487K, committed 56896K, reserved 1105920K
  class space    used 7422K, committed 7616K, reserved 1048576K
}
Event: 12.318 GC heap before
{Heap before GC invocations=15 (full 0):
 garbage-first heap   total 68608K, used 46451K [0x0000000081600000, 0x0000000100000000)
  region size 1024K, 25 young (25600K), 4 survivors (4096K)
 Metaspace       used 60087K, committed 60480K, reserved 1105920K
  class space    used 7871K, committed 8064K, reserved 1048576K
}
Event: 12.323 GC heap after
{Heap after GC invocations=16 (full 0):
 garbage-first heap   total 68608K, used 27815K [0x0000000081600000, 0x0000000100000000)
  region size 1024K, 4 young (4096K), 4 survivors (4096K)
 Metaspace       used 60087K, committed 60480K, reserved 1105920K
  class space    used 7871K, committed 8064K, reserved 1048576K
}
Event: 12.716 GC heap before
{Heap before GC invocations=17 (full 0):
 garbage-first heap   total 68608K, used 52391K [0x0000000081600000, 0x0000000100000000)
  region size 1024K, 29 young (29696K), 4 survivors (4096K)
 Metaspace       used 65902K, committed 66304K, reserved 1114112K
  class space    used 8339K, committed 8512K, reserved 1048576K
}

